[html.themeholy.com/robor/demo/index.html]
[backblue.gif]
[fade.gif]
[index.html]
[html.themeholy.com/robor/demo/assets/img/favicons/apple-icon-57x57.png]
[html.themeholy.com/robor/demo/assets/img/favicons/apple-icon-60x60.png]
[html.themeholy.com/robor/demo/assets/img/favicons/apple-icon-72x72.png]
[html.themeholy.com/robor/demo/assets/img/favicons/apple-icon-76x76.png]
[html.themeholy.com/robor/demo/assets/img/favicons/apple-icon-114x114.png]
[html.themeholy.com/robor/demo/assets/img/favicons/apple-icon-120x120.png]
[html.themeholy.com/robor/demo/assets/img/favicons/apple-icon-144x144.png]
[html.themeholy.com/robor/demo/assets/img/favicons/apple-icon-152x152.png]
[html.themeholy.com/robor/demo/assets/img/favicons/apple-icon-180x180.png]
[html.themeholy.com/robor/demo/assets/img/favicons/android-icon-192x192.png]
[html.themeholy.com/robor/demo/assets/img/favicons/favicon-32x32.png]
[html.themeholy.com/robor/demo/assets/img/favicons/favicon-96x96.png]
[html.themeholy.com/robor/demo/assets/img/favicons/favicon-16x16.png]
[html.themeholy.com/robor/demo/assets/img/favicons/manifest.json]
[html.themeholy.com/robor/demo/assets/img/favicons/ms-icon-144x144.png]
[html.themeholy.com/robor/demo/assets/css/app.min.css]
[html.themeholy.com/robor/demo/assets/css/fontawesome.min.css]
[html.themeholy.com/robor/demo/assets/css/style.css]
[html.themeholy.com/robor/demo/assets/img/logo-icon.svg]
[html.themeholy.com/robor/demo/assets/img/logo2.svg]
[html.themeholy.com/robor/demo/home-2.html]
[html.themeholy.com/robor/demo/home-3.html]
[html.themeholy.com/robor/demo/home-1-op.html]
[html.themeholy.com/robor/demo/home-2-op.html]
[html.themeholy.com/robor/demo/home-3-op.html]
[html.themeholy.com/robor/demo/about.html]
[html.themeholy.com/robor/demo/service.html]
[html.themeholy.com/robor/demo/service-details.html]
[html.themeholy.com/robor/demo/shop.html]
[html.themeholy.com/robor/demo/shop-details.html]
[html.themeholy.com/robor/demo/cart.html]
[html.themeholy.com/robor/demo/checkout.html]
[html.themeholy.com/robor/demo/wishlist.html]
[html.themeholy.com/robor/demo/project.html]
[html.themeholy.com/robor/demo/project-details.html]
[html.themeholy.com/robor/demo/team.html]
[html.themeholy.com/robor/demo/team-details.html]
[html.themeholy.com/robor/demo/chatbot.html]
[html.themeholy.com/robor/demo/pricing.html]
[html.themeholy.com/robor/demo/testimonial.html]
[html.themeholy.com/robor/demo/faq.html]
[html.themeholy.com/robor/demo/ai-consulting.html]
[html.themeholy.com/robor/demo/error.html]
[html.themeholy.com/robor/demo/blog.html]
[html.themeholy.com/robor/demo/blog-2.html]
[html.themeholy.com/robor/demo/blog-details.html]
[html.themeholy.com/robor/demo/contact.html]
[html.themeholy.com/robor/demo/assets/img/logo.svg]
[html.themeholy.com/robor/demo/assets/img/pages/index.jpg]
[html.themeholy.com/robor/demo/assets/img/pages/home-2.jpg]
[html.themeholy.com/robor/demo/assets/img/pages/home-3.jpg]
[html.themeholy.com/robor/demo/assets/img/hero/hero_bg_1_1.jpg]
[html.themeholy.com/robor/demo/assets/img/brand/brand1-1.svg]
[html.themeholy.com/robor/demo/assets/img/brand/brand1-2.svg]
[html.themeholy.com/robor/demo/assets/img/brand/brand1-3.svg]
[html.themeholy.com/robor/demo/assets/img/brand/brand1-4.svg]
[html.themeholy.com/robor/demo/assets/img/brand/brand1-5.svg]
[html.themeholy.com/robor/demo/assets/img/brand/brand1-6.svg]
[html.themeholy.com/robor/demo/assets/img/bg/about-bg-1-1.png]
[html.themeholy.com/robor/demo/assets/img/normal/about-thumb1-3.jpg]
[html.themeholy.com/robor/demo/assets/img/normal/about-thumb1-1.jpg]
[html.themeholy.com/robor/demo/assets/img/normal/about-thumb1-2.jpg]
[html.themeholy.com/robor/demo/assets/img/icon/about-feature-icon1-1.svg]
[html.themeholy.com/robor/demo/assets/img/icon/about-feature-icon1-2.svg]
[html.themeholy.com/robor/demo/assets/img/shape/star-shape1.png]
[html.themeholy.com/robor/demo/assets/img/shape/bg-shape1.png]
[html.themeholy.com/robor/demo/assets/img/icon/service/service_icon_1_1.svg]
[html.themeholy.com/robor/demo/assets/img/icon/service/service_icon_1_2.svg]
[html.themeholy.com/robor/demo/assets/img/icon/service/service_icon_1_3.svg]
[html.themeholy.com/robor/demo/assets/img/icon/service/service_icon_1_4.svg]
[html.themeholy.com/robor/demo/assets/img/icon/service/service_icon_1_5.svg]
[html.themeholy.com/robor/demo/assets/img/icon/service/service_icon_1_6.svg]
[html.themeholy.com/robor/demo/assets/img/icon/service/service_icon_1_7.svg]
[html.themeholy.com/robor/demo/assets/img/icon/service/service_icon_1_8.svg]
[html.themeholy.com/robor/demo/assets/img/normal/why-thumb1-1.jpg]
[html.themeholy.com/robor/demo/assets/img/project/project1-1.jpg]
[html.themeholy.com/robor/demo/assets/img/project/project1-2.jpg]
[html.themeholy.com/robor/demo/assets/img/testimonial/testi-thumb1-1.jpg]
[html.themeholy.com/robor/demo/assets/img/testimonial/testi1-1.jpg]
[html.themeholy.com/robor/demo/assets/img/testimonial/testi1-2.jpg]
[html.themeholy.com/robor/demo/assets/img/testimonial/testi1-3.jpg]
[html.themeholy.com/robor/demo/assets/img/testimonial/testi1-4.jpg]
[html.themeholy.com/robor/demo/assets/img/testimonial/testi1-5.jpg]
[html.themeholy.com/robor/demo/assets/img/testimonial/testi1-6.jpg]
[html.themeholy.com/robor/demo/assets/img/icon/feature-icon1-1.svg]
[html.themeholy.com/robor/demo/assets/img/icon/feature-icon1-2.svg]
[html.themeholy.com/robor/demo/assets/img/icon/feature-icon1-3.svg]
[html.themeholy.com/robor/demo/assets/img/icon/feature-icon1-4.svg]
[html.themeholy.com/robor/demo/assets/img/normal/video1-1.jpg]
[html.themeholy.com/robor/demo/assets/img/blog/blog_1_1.jpg]
[html.themeholy.com/robor/demo/assets/img/blog/blog_1_2.jpg]
[html.themeholy.com/robor/demo/assets/img/blog/blog_1_3.jpg]
[html.themeholy.com/robor/demo/assets/img/shape/footer-bg-shape1.png]
[html.themeholy.com/robor/demo/assets/img/shape/footer-bg-shape2.png]
[html.themeholy.com/robor/demo/assets/img/normal/footer-thumb1-1.png]
[html.themeholy.com/robor/demo/assets/img/bg/footer-default-bg.png]
[html.themeholy.com/robor/demo/assets/img/bg/jiji-bg-shape.png]
[html.themeholy.com/robor/demo/assets/img/theme-img/google-btn.png]
[html.themeholy.com/robor/demo/assets/img/theme-img/app-store-btn.png]
[html.themeholy.com/robor/demo/assets/js/vendor/jquery-3.7.1.min.js]
[html.themeholy.com/robor/demo/assets/js/main.js]
[html.themeholy.com/robor/demo/index.html]
[html.themeholy.com/robor/demo/assets/css/app.min.css]
[html.themeholy.com/robor/demo/assets/js/app.min.js]
[html.themeholy.com/robor/demo/assets/fonts/fontawesome/fa-brands-400.woff2]
[html.themeholy.com/robor/demo/assets/fonts/fontawesome/fa-brands-400.ttf]
[html.themeholy.com/robor/demo/assets/fonts/fontawesome/fa-duotone-900.woff2]
[html.themeholy.com/robor/demo/assets/fonts/fontawesome/fa-light-300.woff2]
[html.themeholy.com/robor/demo/assets/fonts/fontawesome/fa-duotone-900.ttf]
[html.themeholy.com/robor/demo/assets/fonts/fontawesome/fa-regular-400.woff2]
[html.themeholy.com/robor/demo/assets/fonts/fontawesome/fa-regular-400.ttf]
[html.themeholy.com/robor/demo/assets/fonts/fontawesome/fa-solid-900.woff2]
[html.themeholy.com/robor/demo/assets/fonts/fontawesome/fa-light-300.ttf]
[html.themeholy.com/robor/demo/assets/fonts/fontawesome/fa-solid-900.ttf]
[html.themeholy.com/robor/demo/assets/fonts/fontawesome/fa-thin-100.woff2]
[html.themeholy.com/robor/demo/assets/css/fontawesome.min.css]
[html.themeholy.com/robor/demo/assets/fonts/fontawesome/fa-thin-100.ttf]
[html.themeholy.com/robor/demo/assets/img/theme-img/btn-mask.png]
[html.themeholy.com/robor/demo/assets/img/theme-img/btn-shape.png]
[html.themeholy.com/robor/demo/assets/css/style.css]
[html.themeholy.com/robor/demo/assets/img/logo-icon.svg]
[html.themeholy.com/robor/demo/assets/img/logo2.svg]
[html.themeholy.com/robor/demo/assets/img/hero/hero_bg_2_1.jpg]
[html.themeholy.com/robor/demo/assets/img/hero/hero-category-bg2.svg]
[html.themeholy.com/robor/demo/assets/img/feature/2-1.png]
[html.themeholy.com/robor/demo/assets/img/feature/2-2.png]
[html.themeholy.com/robor/demo/assets/img/feature/2-3.png]
[html.themeholy.com/robor/demo/assets/img/normal/cta-img1-1.jpg]
[html.themeholy.com/robor/demo/assets/img/normal/cta-img1-2.jpg]
[html.themeholy.com/robor/demo/assets/img/normal/about-thumb2-1.jpg]
[html.themeholy.com/robor/demo/assets/img/icon/check-icon1-1.svg]
[html.themeholy.com/robor/demo/assets/img/service/service_card_2_2.jpg]
[html.themeholy.com/robor/demo/assets/img/service/service_card_2_1.jpg]
[html.themeholy.com/robor/demo/assets/img/service/service_card_2_3.jpg]
[html.themeholy.com/robor/demo/assets/img/service/service_card_2_4.jpg]
[html.themeholy.com/robor/demo/assets/img/normal/cta-img2-1.jpg]
[html.themeholy.com/robor/demo/assets/img/normal/cta-img2-2.jpg]
[html.themeholy.com/robor/demo/assets/img/team/team_1_1.png]
[html.themeholy.com/robor/demo/assets/img/team/team_1_2.png]
[html.themeholy.com/robor/demo/assets/img/team/team_1_3.png]
[html.themeholy.com/robor/demo/assets/img/team/team_1_4.png]
[html.themeholy.com/robor/demo/assets/img/team/team_1_5.png]
[html.themeholy.com/robor/demo/assets/img/icon/why-icon2-1.svg]
[html.themeholy.com/robor/demo/assets/img/normal/why-thumb2-1.png]
[html.themeholy.com/robor/demo/assets/img/normal/why-thumb2-2.png]
[html.themeholy.com/robor/demo/assets/img/icon/quote-icon.svg]
[html.themeholy.com/robor/demo/assets/img/testimonial/testi2-1.jpg]
[html.themeholy.com/robor/demo/assets/img/testimonial/testi2-2.jpg]
[html.themeholy.com/robor/demo/assets/img/blog/blog_2_1.jpg]
[html.themeholy.com/robor/demo/assets/img/blog/blog_2_2.jpg]
[html.themeholy.com/robor/demo/assets/img/blog/blog_2_3.jpg]
[html.themeholy.com/robor/demo/home-2.html]
[html.themeholy.com/robor/demo/assets/img/theme-img/header3-bg-shape.png]
[html.themeholy.com/robor/demo/assets/img/hero/hero-bg3.png]
[html.themeholy.com/robor/demo/assets/img/hero/hero_thumb_3_1.jpg]
[html.themeholy.com/robor/demo/assets/img/hero/hero-play-arrow3.svg]
[html.themeholy.com/robor/demo/assets/img/hero/hero_thumb_3_2.jpg]
[html.themeholy.com/robor/demo/assets/img/shape/service-card3-shape.png]
[html.themeholy.com/robor/demo/assets/img/shape/service-card3-thumb-shape2.png]
[html.themeholy.com/robor/demo/assets/img/shape/service-card3-thumb-shape.png]
[html.themeholy.com/robor/demo/assets/img/service/service_card_3_1.jpg]
[html.themeholy.com/robor/demo/assets/img/service/service_card_3_2.jpg]
[html.themeholy.com/robor/demo/assets/img/service/service_card_3_3.jpg]
[html.themeholy.com/robor/demo/assets/img/shape/wave1.png]
[html.themeholy.com/robor/demo/assets/img/shape/wave2.png]
[html.themeholy.com/robor/demo/assets/img/shape/about-thumb3-1-shape.jpg]
[html.themeholy.com/robor/demo/assets/img/normal/about-thumb3-1.jpg]
[html.themeholy.com/robor/demo/assets/img/shape/about-thumb3-2-shape.jpg]
[html.themeholy.com/robor/demo/assets/img/normal/about-thumb3-2.jpg]
[html.themeholy.com/robor/demo/assets/img/shape/about-thumb3-3-shape.jpg]
[html.themeholy.com/robor/demo/assets/img/normal/about-thumb3-3.jpg]
[html.themeholy.com/robor/demo/assets/img/icon/check-icon1-2.svg]
[html.themeholy.com/robor/demo/assets/img/process/process_1_1.jpg]
[html.themeholy.com/robor/demo/assets/img/process/process_1_2.jpg]
[html.themeholy.com/robor/demo/assets/img/process/process_1_3.jpg]
[html.themeholy.com/robor/demo/assets/img/process/process_1_4.jpg]
[html.themeholy.com/robor/demo/assets/img/shape/why-thumb-shape3-1.png]
[html.themeholy.com/robor/demo/assets/img/normal/why-thumb3-1.jpg]
[html.themeholy.com/robor/demo/assets/img/shape/why-thumb-shape3-2.png]
[html.themeholy.com/robor/demo/assets/img/normal/why-thumb3-2.jpg]
[html.themeholy.com/robor/demo/assets/img/bg/why-bg-3-1.png]
[html.themeholy.com/robor/demo/assets/img/shape/feature-thumb-shape3-1.png]
[html.themeholy.com/robor/demo/assets/img/feature/3-1.png]
[html.themeholy.com/robor/demo/assets/img/feature/3-2.png]
[html.themeholy.com/robor/demo/assets/img/feature/3-3.png]
[html.themeholy.com/robor/demo/assets/img/feature/3-4.png]
[html.themeholy.com/robor/demo/assets/img/feature/3-5.png]
[html.themeholy.com/robor/demo/assets/img/feature/3-6.png]
[html.themeholy.com/robor/demo/assets/img/bg/team-bg-2.jpg]
[html.themeholy.com/robor/demo/assets/img/shape/team-card2-shape.png]
[html.themeholy.com/robor/demo/assets/img/team/team_1_6.png]
[html.themeholy.com/robor/demo/assets/img/team/team_1_7.png]
[html.themeholy.com/robor/demo/assets/img/team/team_1_8.png]
[html.themeholy.com/robor/demo/assets/img/bg/testi-bg-3-1.png]
[html.themeholy.com/robor/demo/assets/img/shape/testi-card3-shape.png]
[html.themeholy.com/robor/demo/assets/img/shape/project-card3-shape.png]
[html.themeholy.com/robor/demo/assets/img/project/project3-1.jpg]
[html.themeholy.com/robor/demo/assets/img/project/project3-2.jpg]
[html.themeholy.com/robor/demo/assets/img/project/project3-3.jpg]
[html.themeholy.com/robor/demo/assets/img/project/project3-4.jpg]
[html.themeholy.com/robor/demo/assets/img/project/project3-5.jpg]
[html.themeholy.com/robor/demo/assets/img/shape/pricing-card-shape2-1.png]
[html.themeholy.com/robor/demo/assets/img/normal/price-thumb2-1.png]
[html.themeholy.com/robor/demo/assets/img/shape/blog-card3-shape.png]
[html.themeholy.com/robor/demo/assets/img/blog/blog_3_1.jpg]
[html.themeholy.com/robor/demo/assets/img/blog/blog_3_2.jpg]
[html.themeholy.com/robor/demo/assets/img/widget/insta-feed-1-1.jpg]
[html.themeholy.com/robor/demo/assets/img/widget/insta-feed-1-2.jpg]
[html.themeholy.com/robor/demo/assets/img/widget/insta-feed-1-3.jpg]
[html.themeholy.com/robor/demo/assets/img/widget/insta-feed-1-4.jpg]
[html.themeholy.com/robor/demo/home-3.html]
[html.themeholy.com/robor/demo/home-1-op.html]
[html.themeholy.com/robor/demo/home-2-op.html]
[html.themeholy.com/robor/demo/home-3-op.html]
[html.themeholy.com/robor/demo/assets/img/normal/about-thumb4-1.jpg]
[html.themeholy.com/robor/demo/assets/img/normal/about-thumb4-2.jpg]
[html.themeholy.com/robor/demo/assets/img/process/process_2_1.jpg]
[html.themeholy.com/robor/demo/assets/img/icon/process-arrow2-1.svg]
[html.themeholy.com/robor/demo/assets/img/icon/process-arrow2-2.svg]
[html.themeholy.com/robor/demo/assets/img/bg/team-bg-3.jpg]
[html.themeholy.com/robor/demo/assets/img/feature/4-1.jpg]
[html.themeholy.com/robor/demo/assets/img/feature/4-2.jpg]
[html.themeholy.com/robor/demo/assets/img/feature/4-3.jpg]
[html.themeholy.com/robor/demo/assets/img/icon/feature-icon4-1.svg]
[html.themeholy.com/robor/demo/assets/img/icon/feature-icon4-2.svg]
[html.themeholy.com/robor/demo/assets/img/icon/feature-icon4-3.svg]
[html.themeholy.com/robor/demo/assets/img/icon/feature-icon4-4.svg]
[html.themeholy.com/robor/demo/about.html]
[html.themeholy.com/robor/demo/service.html]
[html.themeholy.com/robor/demo/assets/img/service/service-s-1-1.jpg]
[html.themeholy.com/robor/demo/assets/img/service/service-s-1-2.jpg]
[html.themeholy.com/robor/demo/assets/img/service/service-s-1-3.jpg]
[html.themeholy.com/robor/demo/service-details.html]
[html.themeholy.com/robor/demo/assets/img/product/product_details_1_1.png]
[html.themeholy.com/robor/demo/assets/img/product/product_1_1.png]
[html.themeholy.com/robor/demo/assets/img/product/product_1_2.png]
[html.themeholy.com/robor/demo/assets/img/product/product_1_3.png]
[html.themeholy.com/robor/demo/assets/img/product/product_1_4.png]
[html.themeholy.com/robor/demo/assets/img/product/product_1_5.png]
[html.themeholy.com/robor/demo/assets/img/product/product_1_6.png]
[html.themeholy.com/robor/demo/assets/img/product/product_1_7.png]
[html.themeholy.com/robor/demo/assets/img/product/product_1_8.png]
[html.themeholy.com/robor/demo/shop.html]
[html.themeholy.com/robor/demo/assets/img/logo-icon2.svg]
[html.themeholy.com/robor/demo/assets/img/blog/comment-author-1.jpg]
[html.themeholy.com/robor/demo/assets/img/blog/comment-author-2.jpg]
[html.themeholy.com/robor/demo/assets/img/blog/comment-author-3.jpg]
[html.themeholy.com/robor/demo/assets/img/blog/comment-author-4.jpg]
[html.themeholy.com/robor/demo/shop-details.html]
[html.themeholy.com/robor/demo/assets/img/product/product_thumb_1_1.png]
[html.themeholy.com/robor/demo/assets/img/product/product_thumb_1_2.png]
[html.themeholy.com/robor/demo/assets/img/product/product_thumb_1_3.png]
[html.themeholy.com/robor/demo/cart.html]
[html.themeholy.com/robor/demo/checkout.html]
[html.themeholy.com/robor/demo/wishlist.html]
[html.themeholy.com/robor/demo/assets/img/project/project2-1.jpg]
[html.themeholy.com/robor/demo/assets/img/project/project2-2.jpg]
[html.themeholy.com/robor/demo/assets/img/project/project2-3.jpg]
[html.themeholy.com/robor/demo/assets/img/project/project2-4.jpg]
[html.themeholy.com/robor/demo/assets/img/project/project2-5.jpg]
[html.themeholy.com/robor/demo/assets/img/project/project2-6.jpg]
[html.themeholy.com/robor/demo/project.html]
[html.themeholy.com/robor/demo/assets/img/project/project-s-1-1.jpg]
[html.themeholy.com/robor/demo/assets/img/project/project-s-1-2.jpg]
[html.themeholy.com/robor/demo/assets/img/icon/project-page-card-icon1-1.svg]
[html.themeholy.com/robor/demo/assets/img/icon/project-page-card-icon1-2.svg]
[html.themeholy.com/robor/demo/assets/img/icon/project-page-card-icon1-3.svg]
[html.themeholy.com/robor/demo/assets/img/project/project-s-1-3.jpg]
[html.themeholy.com/robor/demo/assets/img/project/project-s-1-4.jpg]
[html.themeholy.com/robor/demo/assets/img/project/project-s-1-5.jpg]
[html.themeholy.com/robor/demo/project-details.html]
[html.themeholy.com/robor/demo/team.html]
[html.themeholy.com/robor/demo/assets/img/team/team_inner_1_1.png]
[html.themeholy.com/robor/demo/team-details.html]
[html.themeholy.com/robor/demo/assets/img/icon/chatbot-icon1-1.png]
[html.themeholy.com/robor/demo/assets/img/icon/chatbot-icon1-2.png]
[html.themeholy.com/robor/demo/assets/img/icon/chatbot-icon1-3.png]
[html.themeholy.com/robor/demo/assets/img/icon/chatbot-icon1-4.png]
[html.themeholy.com/robor/demo/assets/img/normal/chatbot-thumb1-1.jpg]
[html.themeholy.com/robor/demo/chatbot.html]
[html.themeholy.com/robor/demo/pricing.html]
[html.themeholy.com/robor/demo/assets/img/testimonial/testi1-7.jpg]
[html.themeholy.com/robor/demo/assets/img/testimonial/testi1-8.jpg]
[html.themeholy.com/robor/demo/assets/img/testimonial/testi1-9.jpg]
[html.themeholy.com/robor/demo/testimonial.html]
[html.themeholy.com/robor/demo/faq.html]
[html.themeholy.com/robor/demo/assets/img/normal/consulting-thumb1-1.jpg]
[html.themeholy.com/robor/demo/ai-consulting.html]
[html.themeholy.com/robor/demo/assets/img/normal/error.png]
[html.themeholy.com/robor/demo/error.html]
[html.themeholy.com/robor/demo/assets/img/blog/blog-s-1-1.jpg]
[html.themeholy.com/robor/demo/assets/img/blog/blog-s-1-2.jpg]
[html.themeholy.com/robor/demo/assets/img/blog/blog-s-1-4.jpg]
[html.themeholy.com/robor/demo/assets/img/blog/blog-s-1-3.jpg]
[html.themeholy.com/robor/demo/assets/img/blog/recent-post-1-1.jpg]
[html.themeholy.com/robor/demo/assets/img/blog/recent-post-1-2.jpg]
[html.themeholy.com/robor/demo/assets/img/blog/recent-post-1-3.jpg]
[html.themeholy.com/robor/demo/blog.html]
[html.themeholy.com/robor/demo/assets/img/blog/blog_1_4.jpg]
[html.themeholy.com/robor/demo/assets/img/blog/blog_1_5.jpg]
[html.themeholy.com/robor/demo/assets/img/blog/blog_1_6.jpg]
[html.themeholy.com/robor/demo/assets/img/blog/blog_1_7.jpg]
[html.themeholy.com/robor/demo/assets/img/blog/blog_1_8.jpg]
[html.themeholy.com/robor/demo/assets/img/blog/blog_1_9.jpg]
[html.themeholy.com/robor/demo/blog-2.html]
[html.themeholy.com/robor/demo/assets/img/blog/blog_inner_1.jpg]
[html.themeholy.com/robor/demo/assets/img/blog/blog_inner_2.jpg]
[html.themeholy.com/robor/demo/blog-details.html]
[html.themeholy.com/robor/demo/contact.html]
[html.themeholy.com/robor/demo/assets/img/logo.svg]
[html.themeholy.com/robor/demo/assets/img/brand/brand1-1.svg]
[html.themeholy.com/robor/demo/assets/img/brand/brand1-2.svg]
[html.themeholy.com/robor/demo/assets/img/brand/brand1-3.svg]
[html.themeholy.com/robor/demo/assets/img/brand/brand1-4.svg]
[html.themeholy.com/robor/demo/assets/img/brand/brand1-5.svg]
[html.themeholy.com/robor/demo/assets/img/brand/brand1-6.svg]
[html.themeholy.com/robor/demo/assets/img/icon/about-feature-icon1-1.svg]
[html.themeholy.com/robor/demo/assets/img/icon/about-feature-icon1-2.svg]
[html.themeholy.com/robor/demo/assets/img/icon/service/service_icon_1_1.svg]
[html.themeholy.com/robor/demo/assets/img/icon/service/service_icon_1_2.svg]
[html.themeholy.com/robor/demo/assets/img/icon/service/service_icon_1_3.svg]
[html.themeholy.com/robor/demo/assets/img/icon/service/service_icon_1_4.svg]
[html.themeholy.com/robor/demo/assets/img/icon/service/service_icon_1_5.svg]
[html.themeholy.com/robor/demo/assets/img/icon/service/service_icon_1_6.svg]
[html.themeholy.com/robor/demo/assets/img/icon/service/service_icon_1_7.svg]
[html.themeholy.com/robor/demo/assets/img/icon/service/service_icon_1_8.svg]
[html.themeholy.com/robor/demo/assets/img/icon/feature-icon1-1.svg]
[html.themeholy.com/robor/demo/assets/img/icon/feature-icon1-2.svg]
[html.themeholy.com/robor/demo/assets/img/icon/feature-icon1-3.svg]
[html.themeholy.com/robor/demo/assets/img/icon/feature-icon1-4.svg]
[html.themeholy.com/robor/demo/assets/img/shape/star.html]
[html.themeholy.com/robor/demo/assets/img/hero/hero-category-bg2.svg]
[html.themeholy.com/robor/demo/assets/img/icon/check-icon1-1.svg]
[html.themeholy.com/robor/demo/assets/img/icon/why-icon2-1.svg]
[html.themeholy.com/robor/demo/assets/img/icon/quote-icon.svg]
[html.themeholy.com/robor/demo/assets/img/hero/hero-play-arrow3.svg]
[html.themeholy.com/robor/demo/assets/img/icon/check-icon1-2.svg]
[html.themeholy.com/robor/demo/assets/img/icon/process-arrow2-1.svg]
[html.themeholy.com/robor/demo/assets/img/icon/process-arrow2-2.svg]
[html.themeholy.com/robor/demo/assets/img/icon/feature-icon4-1.svg]
[html.themeholy.com/robor/demo/assets/img/icon/feature-icon4-2.svg]
[html.themeholy.com/robor/demo/assets/img/icon/feature-icon4-3.svg]
[html.themeholy.com/robor/demo/assets/img/icon/feature-icon4-4.svg]
[html.themeholy.com/robor/demo/assets/img/logo-icon2.svg]
[html.themeholy.com/robor/demo/assets/img/icon/project-page-card-icon1-1.svg]
[html.themeholy.com/robor/demo/assets/img/icon/project-page-card-icon1-2.svg]
[html.themeholy.com/robor/demo/assets/img/icon/project-page-card-icon1-3.svg]
